[2025-01-29 09:14:57,157] DEBUG preRegister called. Server=com.sun.jmx.mbeanserver.JmxMBeanServer@60215eee, name=log4j:logger=kafka.controller (kafka.controller)
[2025-01-29 09:15:18,392] INFO [ControllerEventThread controllerId=0] Starting (kafka.controller.ControllerEventManager$ControllerEventThread)
[2025-01-29 09:15:18,446] INFO [Controller id=0] 0 successfully elected as the controller. Epoch incremented to 1 and epoch zk version is now 1 (kafka.controller.KafkaController)
[2025-01-29 09:15:18,446] INFO [Controller id=0] Registering handlers (kafka.controller.KafkaController)
[2025-01-29 09:15:18,450] INFO [Controller id=0] Deleting log dir event notifications (kafka.controller.KafkaController)
[2025-01-29 09:15:18,453] INFO [Controller id=0] Deleting isr change notifications (kafka.controller.KafkaController)
[2025-01-29 09:15:18,456] INFO [Controller id=0] Initializing controller context (kafka.controller.KafkaController)
[2025-01-29 09:15:18,513] INFO [Controller id=0] Initialized broker epochs cache: Map(0 -> 24) (kafka.controller.KafkaController)
[2025-01-29 09:15:18,520] DEBUG [Controller id=0] Register BrokerModifications handler for Set(0) (kafka.controller.KafkaController)
[2025-01-29 09:15:18,526] DEBUG [Channel manager on controller 0]: Controller 0 trying to connect to broker 0 (kafka.controller.ControllerChannelManager)
[2025-01-29 09:15:18,561] INFO [Controller id=0] Currently active brokers in the cluster: Set(0) (kafka.controller.KafkaController)
[2025-01-29 09:15:18,563] INFO [Controller id=0] Currently shutting brokers in the cluster: Set() (kafka.controller.KafkaController)
[2025-01-29 09:15:18,564] INFO [Controller id=0] Current list of topics in the cluster: Set() (kafka.controller.KafkaController)
[2025-01-29 09:15:18,564] INFO [Controller id=0] Fetching topic deletions in progress (kafka.controller.KafkaController)
[2025-01-29 09:15:18,567] INFO [Controller id=0] List of topics to be deleted:  (kafka.controller.KafkaController)
[2025-01-29 09:15:18,569] INFO [Controller id=0] List of topics ineligible for deletion:  (kafka.controller.KafkaController)
[2025-01-29 09:15:18,569] INFO [Controller id=0] Initializing topic deletion manager (kafka.controller.KafkaController)
[2025-01-29 09:15:18,569] INFO [Topic Deletion Manager 0] Initializing manager with initial deletions: Set(), initial ineligible deletions: Set() (kafka.controller.TopicDeletionManager)
[2025-01-29 09:15:18,570] INFO [Controller id=0] Sending update metadata request (kafka.controller.KafkaController)
[2025-01-29 09:15:18,573] INFO [RequestSendThread controllerId=0] Starting (kafka.controller.RequestSendThread)
[2025-01-29 09:15:18,588] INFO [RequestSendThread controllerId=0] Controller 0 connected to localhost:9092 (id: 0 rack: null) for sending state change requests (kafka.controller.RequestSendThread)
[2025-01-29 09:15:18,590] INFO [ReplicaStateMachine controllerId=0] Initializing replica state (kafka.controller.ZkReplicaStateMachine)
[2025-01-29 09:15:18,594] INFO [ReplicaStateMachine controllerId=0] Triggering online replica state changes (kafka.controller.ZkReplicaStateMachine)
[2025-01-29 09:15:18,608] INFO [ReplicaStateMachine controllerId=0] Triggering offline replica state changes (kafka.controller.ZkReplicaStateMachine)
[2025-01-29 09:15:18,609] DEBUG [ReplicaStateMachine controllerId=0] Started replica state machine with initial state -> Map() (kafka.controller.ZkReplicaStateMachine)
[2025-01-29 09:15:18,609] INFO [PartitionStateMachine controllerId=0] Initializing partition state (kafka.controller.ZkPartitionStateMachine)
[2025-01-29 09:15:18,610] INFO [PartitionStateMachine controllerId=0] Triggering online partition state changes (kafka.controller.ZkPartitionStateMachine)
[2025-01-29 09:15:18,612] DEBUG [PartitionStateMachine controllerId=0] Started partition state machine with initial state -> Map() (kafka.controller.ZkPartitionStateMachine)
[2025-01-29 09:15:18,612] INFO [Controller id=0] Ready to serve as the new controller with epoch 1 (kafka.controller.KafkaController)
[2025-01-29 09:15:18,629] INFO [Controller id=0] Partitions undergoing preferred replica election:  (kafka.controller.KafkaController)
[2025-01-29 09:15:18,632] INFO [Controller id=0] Partitions that completed preferred replica election:  (kafka.controller.KafkaController)
[2025-01-29 09:15:18,632] INFO [Controller id=0] Skipping preferred replica election for partitions due to topic deletion:  (kafka.controller.KafkaController)
[2025-01-29 09:15:18,633] INFO [Controller id=0] Resuming preferred replica election for partitions:  (kafka.controller.KafkaController)
[2025-01-29 09:15:18,633] INFO [Controller id=0] Starting replica leader election (PREFERRED) for partitions  triggered by ZkTriggered (kafka.controller.KafkaController)
[2025-01-29 09:15:18,643] INFO [Controller id=0] Starting the controller scheduler (kafka.controller.KafkaController)
[2025-01-29 09:15:23,649] INFO [Controller id=0] Processing automatic preferred replica leader election (kafka.controller.KafkaController)
[2025-01-29 09:15:23,650] TRACE [Controller id=0] Checking need to trigger auto leader balancing (kafka.controller.KafkaController)
[2025-01-29 09:20:23,651] INFO [Controller id=0] Processing automatic preferred replica leader election (kafka.controller.KafkaController)
[2025-01-29 09:20:23,651] TRACE [Controller id=0] Checking need to trigger auto leader balancing (kafka.controller.KafkaController)
